CRITICAL - 2023-06-13 16:13:51 --> The framework needs the following extension(s) installed and loaded: intl.
in SYSTEMPATH\CodeIgniter.php on line 226.
 1 SYSTEMPATH\CodeIgniter.php(226): CodeIgniter\Exceptions\FrameworkException::forMissingExtension('intl')
 2 SYSTEMPATH\CodeIgniter.php(190): CodeIgniter\CodeIgniter->resolvePlatformExtensions()
 3 ROOTPATH\spark(83): CodeIgniter\CodeIgniter->initialize()
CRITICAL - 2023-06-13 16:14:01 --> The framework needs the following extension(s) installed and loaded: intl.
in SYSTEMPATH\CodeIgniter.php on line 226.
 1 SYSTEMPATH\CodeIgniter.php(226): CodeIgniter\Exceptions\FrameworkException::forMissingExtension('intl')
 2 SYSTEMPATH\CodeIgniter.php(190): CodeIgniter\CodeIgniter->resolvePlatformExtensions()
 3 ROOTPATH\spark(83): CodeIgniter\CodeIgniter->initialize()
ERROR - 2023-06-13 14:55:36 --> Error connecting to the database: mysqli_sql_exception: Access denied for user 'root'@'localhost' (using password: NO) in D:\gawe\coralis_studio\system\Database\MySQLi\Connection.php:173
Stack trace:
#0 D:\gawe\coralis_studio\system\Database\MySQLi\Connection.php(173): mysqli->real_connect('localhost', 'root', Object(SensitiveParameterValue), 'coralis', 3306, '', 0)
#1 D:\gawe\coralis_studio\system\Database\BaseConnection.php(391): CodeIgniter\Database\MySQLi\Connection->connect(false)
#2 D:\gawe\coralis_studio\system\Database\BaseConnection.php(574): CodeIgniter\Database\BaseConnection->initialize()
#3 D:\gawe\coralis_studio\system\Database\BaseConnection.php(1409): CodeIgniter\Database\BaseConnection->query('SHOW TABLES FRO...')
#4 D:\gawe\coralis_studio\system\Database\BaseConnection.php(1428): CodeIgniter\Database\BaseConnection->listTables()
#5 D:\gawe\coralis_studio\system\Database\MigrationRunner.php(768): CodeIgniter\Database\BaseConnection->tableExists('migrations')
#6 D:\gawe\coralis_studio\system\Database\MigrationRunner.php(168): CodeIgniter\Database\MigrationRunner->ensureTable()
#7 D:\gawe\coralis_studio\system\Commands\Database\Migrate.php(84): CodeIgniter\Database\MigrationRunner->latest(NULL)
#8 D:\gawe\coralis_studio\system\CLI\Commands.php(65): CodeIgniter\Commands\Database\Migrate->run(Array)
#9 D:\gawe\coralis_studio\system\CLI\Console.php(37): CodeIgniter\CLI\Commands->run('migrate', Array)
#10 D:\gawe\coralis_studio\spark(97): CodeIgniter\CLI\Console->run()
#11 {main}

Next CodeIgniter\Database\Exceptions\DatabaseException: Access denied for user '****'@'localhost' (using password: NO) in D:\gawe\coralis_studio\system\Database\MySQLi\Connection.php:218
Stack trace:
#0 D:\gawe\coralis_studio\system\Database\BaseConnection.php(391): CodeIgniter\Database\MySQLi\Connection->connect(false)
#1 D:\gawe\coralis_studio\system\Database\BaseConnection.php(574): CodeIgniter\Database\BaseConnection->initialize()
#2 D:\gawe\coralis_studio\system\Database\BaseConnection.php(1409): CodeIgniter\Database\BaseConnection->query('SHOW TABLES FRO...')
#3 D:\gawe\coralis_studio\system\Database\BaseConnection.php(1428): CodeIgniter\Database\BaseConnection->listTables()
#4 D:\gawe\coralis_studio\system\Database\MigrationRunner.php(768): CodeIgniter\Database\BaseConnection->tableExists('migrations')
#5 D:\gawe\coralis_studio\system\Database\MigrationRunner.php(168): CodeIgniter\Database\MigrationRunner->ensureTable()
#6 D:\gawe\coralis_studio\system\Commands\Database\Migrate.php(84): CodeIgniter\Database\MigrationRunner->latest(NULL)
#7 D:\gawe\coralis_studio\system\CLI\Commands.php(65): CodeIgniter\Commands\Database\Migrate->run(Array)
#8 D:\gawe\coralis_studio\system\CLI\Console.php(37): CodeIgniter\CLI\Commands->run('migrate', Array)
#9 D:\gawe\coralis_studio\spark(97): CodeIgniter\CLI\Console->run()
#10 {main}
